<?xml version="1.0" encoding="UTF-8"?>
<!-- Generated by org.testng.reporters.JUnitReportReporter -->
<testsuite hostname="LAPTOP-Q7E2PGS0" failures="0" tests="1" name="tests.login" time="6.147" errors="0" timestamp="2024-12-10T13:27:15 IST" skipped="0">
  <testcase classname="tests.login" name="goUrl" time="6.147"/>
</testsuite> <!-- tests.login -->
